This is pdfTeX, Version 3.141592653-2.6-1.40.26 (MiKTeX 24.4) (preloaded format=pdflatex 2024.7.11)  6 DEC 2024 09:20
entering extended mode
 restricted \write18 enabled.
 %&-line parsing enabled.
**./main.tex
(main.tex
LaTeX2e <2024-06-01> patch level 2
L3 programming layer <2024-05-27>
(ieeecolor.cls

LaTeX Warning: You have requested document class `ieeecolor',
               but the document class provides `IEEEtran'.

Document Class: IEEEtran 2002/11/18 revision V1.6b by Michael Shell
-- See the "IEEEtran_HOWTO" manual for usage information.
-- The source comments contain changelog notes.
(D:\MikTex\tex/latex/graphics\color.sty
Package: color 2022/01/06 v1.3d Standard LaTeX Color (DPC)

(D:\MikTex\tex/latex/graphics-cfg\color.cfg
File: color.cfg 2016/01/02 v1.6 sample color configuration
)
Package color Info: Driver file: pdftex.def on input line 149.

(D:\MikTex\tex/latex/graphics-def\pdftex.def
File: pdftex.def 2022/09/22 v1.2b Graphics/color driver for pdftex
)
(D:\MikTex\tex/latex/graphics\mathcolor.ltx))
\@draftversionrule=\dimen141
\@IEEEtrantmpdimenA=\dimen142
\@IEEEtrantmpdimenB=\dimen143
\@IEEEtrantmpcountA=\count194
\@IEEEtrantmpcountB=\count195
\@IEEEtrantmptoksA=\toks17
LaTeX Font Info:    Trying to load font information for OT1+ptm on input line 8
34.

(D:\MikTex\tex/latex/psnfss\ot1ptm.fd
File: ot1ptm.fd 2001/06/04 font definitions for OT1/ptm.
)
\@IEEEnormalsizefontbaselineskip=\skip49

-- This is a 10 point document.
\normalsizebaselineskip=\skip50
\normaljot=\skip51
LaTeX Font Info:    Font shape `OT1/ptm/bx/n' in size <5> not available
(Font)              Font shape `OT1/ptm/b/n' tried instead on input line 1180.
LaTeX Font Info:    Font shape `OT1/ptm/bx/it' in size <5> not available
(Font)              Font shape `OT1/ptm/b/it' tried instead on input line 1180.

LaTeX Font Info:    Font shape `OT1/ptm/bx/n' in size <7> not available
(Font)              Font shape `OT1/ptm/b/n' tried instead on input line 1180.
LaTeX Font Info:    Font shape `OT1/ptm/bx/it' in size <7> not available
(Font)              Font shape `OT1/ptm/b/it' tried instead on input line 1180.

LaTeX Font Info:    Font shape `OT1/ptm/bx/n' in size <8> not available
(Font)              Font shape `OT1/ptm/b/n' tried instead on input line 1180.
LaTeX Font Info:    Font shape `OT1/ptm/bx/it' in size <8> not available
(Font)              Font shape `OT1/ptm/b/it' tried instead on input line 1180.

LaTeX Font Info:    Font shape `OT1/ptm/bx/n' in size <9> not available
(Font)              Font shape `OT1/ptm/b/n' tried instead on input line 1180.
LaTeX Font Info:    Font shape `OT1/ptm/bx/it' in size <9> not available
(Font)              Font shape `OT1/ptm/b/it' tried instead on input line 1180.

LaTeX Font Info:    Font shape `OT1/ptm/bx/n' in size <10> not available
(Font)              Font shape `OT1/ptm/b/n' tried instead on input line 1180.
LaTeX Font Info:    Font shape `OT1/ptm/bx/it' in size <10> not available
(Font)              Font shape `OT1/ptm/b/it' tried instead on input line 1180.

LaTeX Font Info:    Font shape `OT1/ptm/bx/n' in size <11> not available
(Font)              Font shape `OT1/ptm/b/n' tried instead on input line 1180.
LaTeX Font Info:    Font shape `OT1/ptm/bx/it' in size <11> not available
(Font)              Font shape `OT1/ptm/b/it' tried instead on input line 1180.

LaTeX Font Info:    Font shape `OT1/ptm/bx/n' in size <12> not available
(Font)              Font shape `OT1/ptm/b/n' tried instead on input line 1180.
LaTeX Font Info:    Font shape `OT1/ptm/bx/it' in size <12> not available
(Font)              Font shape `OT1/ptm/b/it' tried instead on input line 1180.

LaTeX Font Info:    Font shape `OT1/ptm/bx/n' in size <17> not available
(Font)              Font shape `OT1/ptm/b/n' tried instead on input line 1180.
LaTeX Font Info:    Font shape `OT1/ptm/bx/it' in size <17> not available
(Font)              Font shape `OT1/ptm/b/it' tried instead on input line 1180.

LaTeX Font Info:    Font shape `OT1/ptm/bx/n' in size <20> not available
(Font)              Font shape `OT1/ptm/b/n' tried instead on input line 1180.
LaTeX Font Info:    Font shape `OT1/ptm/bx/it' in size <20> not available
(Font)              Font shape `OT1/ptm/b/it' tried instead on input line 1180.

LaTeX Font Info:    Font shape `OT1/ptm/bx/n' in size <24> not available
(Font)              Font shape `OT1/ptm/b/n' tried instead on input line 1180.
LaTeX Font Info:    Font shape `OT1/ptm/bx/it' in size <24> not available
(Font)              Font shape `OT1/ptm/b/it' tried instead on input line 1180.

\IEEEilabelindentA=\dimen144
\IEEEilabelindentB=\dimen145
\IEEEilabelindent=\dimen146
\IEEEelabelindent=\dimen147
\IEEEdlabelindent=\dimen148
\labelindent=\dimen149
\IEEEiednormlabelsep=\dimen150
\IEEEiedmathlabelsep=\dimen151
\IEEEiedtopsep=\skip52
\c@section=\count196
\c@subsection=\count197
\c@subsubsection=\count198
\c@paragraph=\count199
\c@IEEEsubequation=\count266
\abovecaptionskip=\skip53
\belowcaptionskip=\skip54
\figbox=\box52
\c@figure=\count267
\c@query=\count268
\c@qry=\count269
\c@nquery=\count270
\c@tquery=\count271
\c@equery=\count272
\c@eqry=\count273
\c@edquery=\count274
\c@etquery=\count275
\c@table=\count276
\@IEEEeqnnumcols=\count277
\@IEEEeqncolcnt=\count278
\firstpagerule=\skip55
\logowidth=\skip56
\@IEEEtmpitemindent=\dimen152
\c@biography=\count279
\c@edbiography=\count280
LaTeX Info: Redefining \sf on input line 4870.
\@IEEEtranrubishbin=\box53
) (generic.sty) (D:\MikTex\tex/latex/cite\cite.sty
LaTeX Info: Redefining \cite on input line 302.
LaTeX Info: Redefining \nocite on input line 332.
Package: cite 2015/02/27  v 5.5
)
(D:\MikTex\tex/latex/amsmath\amsmath.sty
Package: amsmath 2023/05/13 v2.17o AMS math features
\@mathmargin=\skip57

For additional information on amsmath, use the `?' option.
(D:\MikTex\tex/latex/amsmath\amstext.sty
Package: amstext 2021/08/26 v2.01 AMS text

(D:\MikTex\tex/latex/amsmath\amsgen.sty
File: amsgen.sty 1999/11/30 v2.0 generic functions
\@emptytoks=\toks18
\ex@=\dimen153
))
(D:\MikTex\tex/latex/amsmath\amsbsy.sty
Package: amsbsy 1999/11/29 v1.2d Bold Symbols
\pmbraise@=\dimen154
)
(D:\MikTex\tex/latex/amsmath\amsopn.sty
Package: amsopn 2022/04/08 v2.04 operator names
)
\inf@bad=\count281
LaTeX Info: Redefining \frac on input line 234.
\uproot@=\count282
\leftroot@=\count283
LaTeX Info: Redefining \overline on input line 399.
LaTeX Info: Redefining \colon on input line 410.
\classnum@=\count284
\DOTSCASE@=\count285
LaTeX Info: Redefining \ldots on input line 496.
LaTeX Info: Redefining \dots on input line 499.
LaTeX Info: Redefining \cdots on input line 620.
\Mathstrutbox@=\box54
\strutbox@=\box55
LaTeX Info: Redefining \big on input line 722.
LaTeX Info: Redefining \Big on input line 723.
LaTeX Info: Redefining \bigg on input line 724.
LaTeX Info: Redefining \Bigg on input line 725.
\big@size=\dimen155
LaTeX Font Info:    Redeclaring font encoding OML on input line 743.
LaTeX Font Info:    Redeclaring font encoding OMS on input line 744.
\macc@depth=\count286
LaTeX Info: Redefining \bmod on input line 905.
LaTeX Info: Redefining \pmod on input line 910.
LaTeX Info: Redefining \smash on input line 940.
LaTeX Info: Redefining \relbar on input line 970.
LaTeX Info: Redefining \Relbar on input line 971.
\c@MaxMatrixCols=\count287
\dotsspace@=\muskip17
\c@parentequation=\count288
\dspbrk@lvl=\count289
\tag@help=\toks19
\row@=\count290
\column@=\count291
\maxfields@=\count292
\andhelp@=\toks20
\eqnshift@=\dimen156
\alignsep@=\dimen157
\tagshift@=\dimen158
\tagwidth@=\dimen159
\totwidth@=\dimen160
\lineht@=\dimen161
\@envbody=\toks21
\multlinegap=\skip58
\multlinetaggap=\skip59
\mathdisplay@stack=\toks22
LaTeX Info: Redefining \[ on input line 2953.
LaTeX Info: Redefining \] on input line 2954.
)
(D:\MikTex\tex/latex/amsfonts\amssymb.sty
Package: amssymb 2013/01/14 v3.01 AMS font symbols

(D:\MikTex\tex/latex/amsfonts\amsfonts.sty
Package: amsfonts 2013/01/14 v3.01 Basic AMSFonts support
\symAMSa=\mathgroup4
\symAMSb=\mathgroup5
LaTeX Font Info:    Redeclaring math symbol \hbar on input line 98.
LaTeX Font Info:    Overwriting math alphabet `\mathfrak' in version `bold'
(Font)                  U/euf/m/n --> U/euf/b/n on input line 106.
))
(D:\MikTex\tex/latex/algorithms\algorithmic.sty
Package: algorithmic 2009/08/24 v0.1 Document Style `algorithmic'

(D:\MikTex\tex/latex/base\ifthen.sty
Package: ifthen 2024/03/16 v1.1e Standard LaTeX ifthen package (DPC)
) (D:\MikTex\tex/latex/graphics\keyval.sty
Package: keyval 2022/05/29 v1.15 key=value parser (DPC)
\KV@toks@=\toks23
)
\c@ALC@unique=\count293
\c@ALC@line=\count294
\c@ALC@rem=\count295
\c@ALC@depth=\count296
\ALC@tlm=\skip60
\algorithmicindent=\skip61
) (D:\MikTex\tex/latex/graphics\graphicx.sty
Package: graphicx 2021/09/16 v1.2d Enhanced LaTeX Graphics (DPC,SPQR)

(D:\MikTex\tex/latex/graphics\graphics.sty
Package: graphics 2022/03/10 v1.4e Standard LaTeX Graphics (DPC,SPQR)

(D:\MikTex\tex/latex/graphics\trig.sty
Package: trig 2021/08/11 v1.11 sin cos tan (DPC)
)
(D:\MikTex\tex/latex/graphics-cfg\graphics.cfg
File: graphics.cfg 2016/06/04 v1.11 sample graphics configuration
)
Package graphics Info: Driver file: pdftex.def on input line 107.
)
\Gin@req@height=\dimen162
\Gin@req@width=\dimen163
)
(D:\MikTex\tex/latex/algorithms\algorithm.sty
Package: algorithm 2009/08/24 v0.1 Document Style `algorithm' - floating enviro
nment

(D:\MikTex\tex/latex/float\float.sty
Package: float 2001/11/08 v1.3d Float enhancements (AL)
\c@float@type=\count297
\float@exts=\toks24
\float@box=\box56
\@float@everytoks=\toks25
\@floatcapt=\box57
)
\@float@every@algorithm=\toks26
\c@algorithm=\count298
)
(D:\MikTex\tex/latex/hyperref\hyperref.sty
Package: hyperref 2023-11-26 v7.01g Hypertext links for LaTeX

(D:\MikTex\tex/generic/iftex\iftex.sty
Package: iftex 2022/02/03 v1.0f TeX engine tests
)
(D:\MikTex\tex/generic/infwarerr\infwarerr.sty
Package: infwarerr 2019/12/03 v1.5 Providing info/warning/error messages (HO)
)
(D:\MikTex\tex/latex/kvsetkeys\kvsetkeys.sty
Package: kvsetkeys 2022-10-05 v1.19 Key value parser (HO)
)
(D:\MikTex\tex/generic/kvdefinekeys\kvdefinekeys.sty
Package: kvdefinekeys 2019-12-19 v1.6 Define keys (HO)
)
(D:\MikTex\tex/generic/pdfescape\pdfescape.sty
Package: pdfescape 2019/12/09 v1.15 Implements pdfTeX's escape features (HO)

(D:\MikTex\tex/generic/ltxcmds\ltxcmds.sty
Package: ltxcmds 2023-12-04 v1.26 LaTeX kernel commands for general use (HO)
)
(D:\MikTex\tex/generic/pdftexcmds\pdftexcmds.sty
Package: pdftexcmds 2020-06-27 v0.33 Utility functions of pdfTeX for LuaTeX (HO
)
Package pdftexcmds Info: \pdf@primitive is available.
Package pdftexcmds Info: \pdf@ifprimitive is available.
Package pdftexcmds Info: \pdfdraftmode found.
))
(D:\MikTex\tex/latex/hycolor\hycolor.sty
Package: hycolor 2020-01-27 v1.10 Color options for hyperref/bookmark (HO)
)
(D:\MikTex\tex/latex/letltxmacro\letltxmacro.sty
Package: letltxmacro 2019/12/03 v1.6 Let assignment for LaTeX macros (HO)
)
(D:\MikTex\tex/latex/auxhook\auxhook.sty
Package: auxhook 2019-12-17 v1.6 Hooks for auxiliary files (HO)
)
(D:\MikTex\tex/latex/hyperref\nameref.sty
Package: nameref 2023-11-26 v2.56 Cross-referencing by name of section

(D:\MikTex\tex/latex/refcount\refcount.sty
Package: refcount 2019/12/15 v3.6 Data extraction from label references (HO)
)
(D:\MikTex\tex/generic/gettitlestring\gettitlestring.sty
Package: gettitlestring 2019/12/15 v1.6 Cleanup title references (HO)

(D:\MikTex\tex/latex/kvoptions\kvoptions.sty
Package: kvoptions 2022-06-15 v3.15 Key value format for package options (HO)
))
\c@section@level=\count299
)
(D:\MikTex\tex/latex/etoolbox\etoolbox.sty
Package: etoolbox 2020/10/05 v2.5k e-TeX tools for LaTeX (JAW)
\etb@tempcnta=\count300
)
\@linkdim=\dimen164
\Hy@linkcounter=\count301
\Hy@pagecounter=\count302

(D:\MikTex\tex/latex/hyperref\pd1enc.def
File: pd1enc.def 2023-11-26 v7.01g Hyperref: PDFDocEncoding definition (HO)
Now handling font encoding PD1 ...
... no UTF-8 mapping file for font encoding PD1
)
(D:\MikTex\tex/generic/intcalc\intcalc.sty
Package: intcalc 2019/12/15 v1.3 Expandable calculations with integers (HO)
)
\Hy@SavedSpaceFactor=\count303

(D:\MikTex\tex/latex/hyperref\puenc.def
File: puenc.def 2023-11-26 v7.01g Hyperref: PDF Unicode definition (HO)
Now handling font encoding PU ...
... no UTF-8 mapping file for font encoding PU
)
Package hyperref Info: Hyper figures OFF on input line 4181.
Package hyperref Info: Link nesting OFF on input line 4186.
Package hyperref Info: Hyper index ON on input line 4189.
Package hyperref Info: Plain pages OFF on input line 4196.
Package hyperref Info: Backreferencing OFF on input line 4201.
Package hyperref Info: Implicit mode ON; LaTeX internals redefined.
Package hyperref Info: Bookmarks ON on input line 4448.
\c@Hy@tempcnt=\count304
 (D:\MikTex\tex/latex/url\url.sty
\Urlmuskip=\muskip18
Package: url 2013/09/16  ver 3.4  Verb mode for urls, etc.
)
LaTeX Info: Redefining \url on input line 4786.
\XeTeXLinkMargin=\dimen165

(D:\MikTex\tex/generic/bitset\bitset.sty
Package: bitset 2019/12/09 v1.3 Handle bit-vector datatype (HO)

(D:\MikTex\tex/generic/bigintcalc\bigintcalc.sty
Package: bigintcalc 2019/12/15 v1.5 Expandable calculations on big integers (HO
)
))
\Fld@menulength=\count305
\Field@Width=\dimen166
\Fld@charsize=\dimen167
Package hyperref Info: Hyper figures OFF on input line 6065.
Package hyperref Info: Link nesting OFF on input line 6070.
Package hyperref Info: Hyper index ON on input line 6073.
Package hyperref Info: backreferencing OFF on input line 6080.
Package hyperref Info: Link coloring OFF on input line 6085.
Package hyperref Info: Link coloring with OCG OFF on input line 6090.
Package hyperref Info: PDF/A mode OFF on input line 6095.

(D:\MikTex\tex/latex/base\atbegshi-ltx.sty
Package: atbegshi-ltx 2021/01/10 v1.0c Emulation of the original atbegshi
package with kernel methods
)
\Hy@abspage=\count306
\c@Item=\count307
\c@Hfootnote=\count308
)
Package hyperref Info: Driver (autodetected): hpdftex.

(D:\MikTex\tex/latex/hyperref\hpdftex.def
File: hpdftex.def 2023-11-26 v7.01g Hyperref driver for pdfTeX

(D:\MikTex\tex/latex/base\atveryend-ltx.sty
Package: atveryend-ltx 2020/08/19 v1.0a Emulation of the original atveryend pac
kage
with kernel methods
)
\Fld@listcount=\count309
\c@bookmark@seq@number=\count310

(D:\MikTex\tex/latex/rerunfilecheck\rerunfilecheck.sty
Package: rerunfilecheck 2022-07-10 v1.10 Rerun checks for auxiliary files (HO)

(D:\MikTex\tex/generic/uniquecounter\uniquecounter.sty
Package: uniquecounter 2019/12/15 v1.4 Provide unlimited unique counter (HO)
)
Package uniquecounter Info: New unique counter `rerunfilecheck' on input line 2
85.
)
\Hy@SectionHShift=\skip62
)

Package hyperref Warning: Unexpected value for option `hidelinks'
(hyperref)                is ignored on input line 9.

(D:\MikTex\tex/latex/base\textcomp.sty
Package: textcomp 2024/04/24 v2.1b Standard LaTeX package
) (D:\MikTex\tex/latex/base\inputenc.sty
Package: inputenc 2024/02/08 v1.3d Input encoding file
\inpenc@prehook=\toks27
\inpenc@posthook=\toks28
) (D:\MikTex\tex/latex/base\fontenc.sty
Package: fontenc 2021/04/29 v2.0v Standard LaTeX package
LaTeX Font Info:    Trying to load font information for T1+ptm on input line 11
6.
 (D:\MikTex\tex/latex/psnfss\t1ptm.fd
File: t1ptm.fd 2001/06/04 font definitions for T1/ptm.
))
(D:\MikTex\tex/latex/polski\polski.sty
Package: polski 2021/08/25 v1.3.6 Polish language package

   Inputenc package detected. Catcodes not changed.
) (D:\MikTex\tex/generic/babel\babel.sty
Package: babel 2024/01/07 v24.1 The Babel package
\babel@savecnt=\count311
\U@D=\dimen168
\l@unhyphenated=\language79

(D:\MikTex\tex/generic/babel\txtbabel.def)
\bbl@readstream=\read2
\bbl@dirlevel=\count312

*************************************
* Local config file bblopts.cfg used
*
(D:\MikTex\tex/latex/arabi\bblopts.cfg
File: bblopts.cfg 2005/09/08 v0.1 add Arabic and Farsi to "declared" options of
 babel
)
(D:\MikTex\tex/latex/babel-polish\polish.ldf
Language: polish 2022/03/12 1.3 Babel support for Polish
Package babel Info: Making " an active character on input line 101.
))
(D:\MikTex\tex/generic/babel/locale/pl\babel-polish.tex
Package babel Info: Importing font and identification data for polish
(babel)             from babel-pl.ini. Reported on input line 11.
)
(D:\MikTex\tex/latex/setspace\setspace.sty
Package: setspace 2022/12/04 v6.7b set line spacing
)
(D:\MikTex\tex/latex/l3backend\l3backend-pdftex.def
File: l3backend-pdftex.def 2024-05-08 L3 backend support: PDF output (pdfTeX)
\l__color_backend_stack_int=\count313
\l__pdf_internal_box=\box58
) (main.aux)
\openout1 = `main.aux'.

LaTeX Font Info:    Checking defaults for OML/cmm/m/it on input line 27.
LaTeX Font Info:    ... okay on input line 27.
LaTeX Font Info:    Checking defaults for OMS/cmsy/m/n on input line 27.
LaTeX Font Info:    ... okay on input line 27.
LaTeX Font Info:    Checking defaults for OT1/cmr/m/n on input line 27.
LaTeX Font Info:    ... okay on input line 27.
LaTeX Font Info:    Checking defaults for T1/cmr/m/n on input line 27.
LaTeX Font Info:    ... okay on input line 27.
LaTeX Font Info:    Checking defaults for TS1/cmr/m/n on input line 27.
LaTeX Font Info:    ... okay on input line 27.
LaTeX Font Info:    Checking defaults for OMX/cmex/m/n on input line 27.
LaTeX Font Info:    ... okay on input line 27.
LaTeX Font Info:    Checking defaults for U/cmr/m/n on input line 27.
LaTeX Font Info:    ... okay on input line 27.
LaTeX Font Info:    Checking defaults for PD1/pdf/m/n on input line 27.
LaTeX Font Info:    ... okay on input line 27.
LaTeX Font Info:    Checking defaults for PU/pdf/m/n on input line 27.
LaTeX Font Info:    ... okay on input line 27.

(D:\MikTex\tex/context/base/mkii\supp-pdf.mkii
[Loading MPS to PDF converter (version 2006.09.02).]
\scratchcounter=\count314
\scratchdimen=\dimen169
\scratchbox=\box59
\nofMPsegments=\count315
\nofMParguments=\count316
\everyMPshowfont=\toks29
\MPscratchCnt=\count317
\MPscratchDim=\dimen170
\MPnumerator=\count318
\makeMPintoPDFobject=\count319
\everyMPtoPDFconversion=\toks30
) (D:\MikTex\tex/latex/epstopdf-pkg\epstopdf-base.sty
Package: epstopdf-base 2020-01-24 v2.11 Base part for package epstopdf
Package epstopdf-base Info: Redefining graphics rule for `.eps' on input line 4
85.

(D:\MikTex\tex/latex/00miktex\epstopdf-sys.cfg
File: epstopdf-sys.cfg 2021/03/18 v2.0 Configuration of epstopdf for MiKTeX
))
Package hyperref Info: Link coloring OFF on input line 27.
 (main.out) (main.out)
\@outlinefile=\write3
\openout3 = `main.out'.

Package color Info: Redefining color nblue on input line 33.
Package color Info: Redefining color mblue on input line 33.
LaTeX Font Info:    Trying to load font information for T1+phv on input line 33
.

(D:\MikTex\tex/latex/psnfss\t1phv.fd
File: t1phv.fd 2020/03/25 scalable font definitions for T1/phv.
)
LaTeX Font Info:    Font shape `T1/phv/m/it' in size <11> not available
(Font)              Font shape `T1/phv/m/sl' tried instead on input line 33.
Package color Info: Redefining color nblue on input line 33.
Package color Info: Redefining color mblue on input line 33.


LaTeX Font Info:    Font shape `T1/phv/m/it' in size <10> not available
(Font)              Font shape `T1/phv/m/sl' tried instead on input line 52.


Package epstopdf Info: Source file: <logo.eps>
(epstopdf)                    date: 2023-06-14 15:11:49
(epstopdf)                    size: 96860 bytes
(epstopdf)             Output file: <logo-eps-converted-to.pdf>
(epstopdf)                    date: 2024-11-22 12:08:22
(epstopdf)                    size: 6716 bytes
(epstopdf)             Command: <miktex-epstopdf --outfile=logo-eps-converted-t
o.pdf logo.eps>
(epstopdf)             \includegraphics on input line 56.
Package epstopdf Info: Output file is already uptodate.
<logo-eps-converted-to.pdf, id=73, 55.20625pt x 34.1275pt>
File: logo-eps-converted-to.pdf Graphic file (type pdf)
<use logo-eps-converted-to.pdf>
Package pdftex.def Info: logo-eps-converted-to.pdf  used on input line 56.
(pdftex.def)             Requested size: 35.88362pt x 22.18259pt.
LaTeX Font Info:    Trying to load font information for U+msa on input line 56.

(D:\MikTex\tex/latex/amsfonts\umsa.fd
File: umsa.fd 2013/01/14 v3.01 AMS symbols A
)
LaTeX Font Info:    Trying to load font information for U+msb on input line 56.

 (D:\MikTex\tex/latex/amsfonts\umsb.fd
File: umsb.fd 2013/01/14 v3.01 AMS symbols B
)
Overfull \hbox (301.0pt too wide) has occurred while \output is active
[][] 
 []


Underfull \hbox (badness 10000) has occurred while \output is active
[]
 []


Overfull \vbox (19.50685pt too high) has occurred while \output is active []


[1{C:/Users/dawid/AppData/Local/MiKTeX/fonts/map/pdftex/pdftex.map}{D:/MikTex/f
onts/enc/dvips/base/8r.enc}


 <./logo-eps-converted-to.pdf>]
Underfull \hbox (badness 3168) in paragraph at lines 58--59
[]\T1/ptm/m/n/10 Regulator FO-PID (ang. Fractional-Order Proportional-
 []



<../figs/FOPID.png, id=93, 296.90926pt x 215.6055pt>
File: ../figs/FOPID.png Graphic file (type png)
<use ../figs/FOPID.png>
Package pdftex.def Info: ../figs/FOPID.png  used on input line 104.
(pdftex.def)             Requested size: 176.39923pt x 128.09439pt.


[2]

LaTeX Font Info:    Trying to load font information for T1+pcr on input line 13
0.
(D:\MikTex\tex/latex/psnfss\t1pcr.fd
File: t1pcr.fd 2001/06/04 font definitions for T1/pcr.
)
Overfull \hbox (2.40016pt too wide) in paragraph at lines 134--134
[] \T1/pcr/m/n/8 sudo add-apt-repository -y ppa:ztefn/haguichi-stable[] 
 []

<../figs/pub.png, id=116, 570.33075pt x 296.307pt>
File: ../figs/pub.png Graphic file (type png)
<use ../figs/pub.png>
Package pdftex.def Info: ../figs/pub.png  used on input line 141.
(pdftex.def)             Requested size: 176.39923pt x 91.64171pt.
<../figs/sub.png, id=118, 534.19576pt x 307.1475pt>
File: ../figs/sub.png Graphic file (type png)
<use ../figs/sub.png>
Package pdftex.def Info: ../figs/sub.png  used on input line 148.
(pdftex.def)             Requested size: 252.0pt x 144.89362pt.


LaTeX Font Info:    Font shape `T1/phv/m/it' in size <7> not available
(Font)              Font shape `T1/phv/m/sl' tried instead on input line 152.
[3

pdfTeX warning: pdflatex.exe: pop empty color page stack 0


pdfTeX warning: pdflatex.exe: pop empty color page stack 0
 <../figs/FOPID.png> <../figs/pub.png>]
<../figs/joints.png, id=128, 578.72682pt x 425.11765pt>
File: ../figs/joints.png Graphic file (type png)
<use ../figs/joints.png>
Package pdftex.def Info: ../figs/joints.png  used on input line 157.
(pdftex.def)             Requested size: 252.0pt x 185.1128pt.
<../figs/ster.png, id=130, 747.39224pt x 494.44725pt>
File: ../figs/ster.png Graphic file (type png)
<use ../figs/ster.png>
Package pdftex.def Info: ../figs/ster.png  used on input line 164.
(pdftex.def)             Requested size: 516.0pt x 341.37268pt.


\width=\dimen171
\width=\dimen172
\width=\dimen173


[4 <../figs/sub.png> <../figs/joints.png>]

LaTeX Warning: `h' float specifier changed to `ht'.


Underfull \vbox (badness 10000) has occurred while \output is active []




LaTeX Warning: `h' float specifier changed to `ht'.


Underfull \vbox (badness 1478) has occurred while \output is active []



[5 <../figs/ster.png>]

\width=\dimen174

LaTeX Warning: `!h' float specifier changed to `!ht'.

\width=\dimen175

LaTeX Warning: `!h' float specifier changed to `!ht'.

\width=\dimen176

LaTeX Warning: `!h' float specifier changed to `!ht'.

<../figs/1.png, id=162, 594.72188pt x 336.50719pt>
File: ../figs/1.png Graphic file (type png)
<use ../figs/1.png>
Package pdftex.def Info: ../figs/1.png  used on input line 387.
(pdftex.def)             Requested size: 252.0pt x 142.5849pt.
<../figs/2.png, id=163, 598.48593pt x 338.76563pt>
File: ../figs/2.png Graphic file (type png)
<use ../figs/2.png>
Package pdftex.def Info: ../figs/2.png  used on input line 394.
(pdftex.def)             Requested size: 252.0pt x 142.63725pt.
<../figs/3.png, id=164, 599.23875pt x 341.02406pt>
File: ../figs/3.png Graphic file (type png)
<use ../figs/3.png>
Package pdftex.def Info: ../figs/3.png  used on input line 401.
(pdftex.def)             Requested size: 252.0pt x 143.41125pt.
<../figs/4.png, id=165, 596.2275pt x 339.51843pt>
File: ../figs/4.png Graphic file (type png)
<use ../figs/4.png>
Package pdftex.def Info: ../figs/4.png  used on input line 408.
(pdftex.def)             Requested size: 252.0pt x 143.49818pt.
<../figs/5.png, id=166, 594.72188pt x 338.01282pt>
File: ../figs/5.png Graphic file (type png)
<use ../figs/5.png>
Package pdftex.def Info: ../figs/5.png  used on input line 415.
(pdftex.def)             Requested size: 252.0pt x 143.22287pt.


[6 <../figs/1.png> <../figs/2.png>]



[7 <../figs/3.png> <../figs/4.png>]



[8

 <../figs/5.png>]
Underfull \hbox (badness 10000) in paragraph at lines 423--425
[]\T1/ptm/m/n/8 Matlab - do-ku-men-ta-cja [On-line]. Do-st如 (22.11.2024 r.):
 []


Underfull \hbox (badness 10000) in paragraph at lines 426--427
[]\T1/ptm/m/n/8 Simulink - do-ku-men-ta-cja [On-line]. Do-st如 (22.11.2024 r.):

 []


Underfull \hbox (badness 10000) in paragraph at lines 431--433
[]\T1/ptm/m/n/8 Simscape - do-ku-men-ta-cja [On-line]. Do-st如 (22.11.2024 r.):

 []


Underfull \hbox (badness 2951) in paragraph at lines 434--435
[]\T1/ptm/m/n/8 A. Te-pl-ja-kov, E. Pe-tel-ni-kov, and J. Be-li-kov, "A fle-xi-
ble MA-
 []


Underfull \hbox (badness 10000) in paragraph at lines 436--438
[]\T1/ptm/m/n/8 FOMCON - do-ku-men-ta-cja [On-line]. Do-st如 (22.11.2024 r.):
 []


Underfull \hbox (badness 2050) in paragraph at lines 442--444
[]\T1/ptm/m/n/8 Haguichi - in-struk-cja po-bra-nia [On-line]. Do-st如 (22.11.20
24 r.):
 []


Underfull \hbox (badness 6094) in paragraph at lines 445--447
[]\T1/ptm/m/n/8 ROS2 foxy - do-ku-men-ta-cja [On-line]. Do-st如 (22.11.2024 r.)
:
 []


Underfull \hbox (badness 2717) in paragraph at lines 448--450
[]\T1/ptm/m/n/8 ROS To-ol-box - do-ku-men-ta-cja [On-line]. Do-st如 (22.11.2024
 r.):
 []





[9


] (main.aux)
 ***********
LaTeX2e <2024-06-01> patch level 2
L3 programming layer <2024-05-27>
 ***********
Package rerunfilecheck Info: File `main.out' has not changed.
(rerunfilecheck)             Checksum: E1C09EBAD1A0A0C6F7628C69742C283B;2149.
 ) 
Here is how much of TeX's memory you used:
 12745 strings out of 473904
 194100 string characters out of 5743015
 1995908 words of memory out of 5000000
 35338 multiletter control sequences out of 15000+600000
 693818 words of font info for 171 fonts, out of 8000000 for 9000
 1141 hyphenation exceptions out of 8191
 75i,19n,79p,1630b,464s stack positions out of 10000i,1000n,20000p,200000b,200000s
<D:/MikTex/fonts/type1/public/amsfonts/cm/cmbx6.pfb><D:/MikTex/fonts/type1/pu
blic/amsfonts/cm/cmbx8.pfb><D:/MikTex/fonts/type1/public/amsfonts/cm/cmex10.pfb
><D:/MikTex/fonts/type1/public/amsfonts/cm/cmmi10.pfb><D:/MikTex/fonts/type1/pu
blic/amsfonts/cm/cmmi5.pfb><D:/MikTex/fonts/type1/public/amsfonts/cm/cmmi7.pfb>
<D:/MikTex/fonts/type1/public/amsfonts/cmextra/cmmib8.pfb><D:/MikTex/fonts/type
1/public/amsfonts/cm/cmr10.pfb><D:/MikTex/fonts/type1/public/amsfonts/cm/cmr5.p
fb><D:/MikTex/fonts/type1/public/amsfonts/cm/cmr7.pfb><D:/MikTex/fonts/type1/pu
blic/amsfonts/cm/cmsy10.pfb><D:/MikTex/fonts/type1/public/amsfonts/cm/cmsy7.pfb
><D:/MikTex/fonts/type1/urw/courier/ucrr8a.pfb><D:/MikTex/fonts/type1/urw/helve
tic/uhvr8a.pfb><D:/MikTex/fonts/type1/urw/helvetic/uhvro8a.pfb><D:/MikTex/fonts
/type1/urw/times/utmb8a.pfb><D:/MikTex/fonts/type1/urw/times/utmr8a.pfb><D:/Mik
Tex/fonts/type1/urw/times/utmri8a.pfb>
Output written on main.pdf (9 pages, 929934 bytes).
PDF statistics:
 319 PDF objects out of 1000 (max. 8388607)
 65 named destinations out of 1000 (max. 500000)
 192 words of extra memory for PDF output out of 10000 (max. 10000000)

